Script started on 2021-01-02 10:54:03-06:00 [TERM="xterm-256color" TTY="/dev/pts/0" COLUMNS="161" LINES="19"]
[0m[38;5;8m[[0m2021-01-02T16:54:25Z [0m[32mINFO [0m yagna[0m[38;5;8m][0m Using data dir: "/home/yanz/.local/share/yagna" 
[0m[38;5;8m[[0m2021-01-02T16:54:25Z [0m[32mINFO [0m yagna[0m[38;5;8m][0m Starting yagna service! Version: 0.5.0 (d33058bb 2020-12-01 build #96).
[0m[38;5;8m[[0m2021-01-02T16:54:25Z [0m[32mINFO [0m ya_sb_router[0m[38;5;8m][0m Router listening on: 127.0.0.1:7464
[0m[38;5;8m[[0m2021-01-02T16:54:25Z [0m[32mINFO [0m ya_persistence::executor[0m[38;5;8m][0m using database at: /home/yanz/.local/share/yagna/yagna.db
[0m[38;5;8m[[0m2021-01-02T16:54:25Z [0m[32mINFO [0m ya_persistence::executor[0m[38;5;8m][0m using database at: /home/yanz/.local/share/yagna/market.db
[0m[38;5;8m[[0m2021-01-02T16:54:25Z [0m[32mINFO [0m ya_persistence::executor[0m[38;5;8m][0m using database at: /home/yanz/.local/share/yagna/activity.db
[0m[38;5;8m[[0m2021-01-02T16:54:25Z [0m[32mINFO [0m ya_persistence::executor[0m[38;5;8m][0m using database at: /home/yanz/.local/share/yagna/payment.db
[0m[38;5;8m[[0m2021-01-02T16:54:25Z [0m[32mINFO [0m ya_metrics::pusher[0m[38;5;8m][0m Metrics pusher started
[0m[38;5;8m[[0m2021-01-02T16:54:25Z [0m[32mINFO [0m yagna[0m[38;5;8m][0m Metrics GSB service successfully activated
[0m[38;5;8m[[0m2021-01-02T16:54:25Z [0m[32mINFO [0m ya_service_bus::remote_router[0m[38;5;8m][0m trying to connect to: 127.0.0.1:7464
[0m[38;5;8m[[0m2021-01-02T16:54:25Z [0m[32mINFO [0m ya_service_bus::connection[0m[38;5;8m][0m started connection to gsb
[0m[38;5;8m[[0m2021-01-02T16:54:25Z [0m[32mINFO [0m ya_identity::service::identity[0m[38;5;8m][0m using default identity: 0x88a91fbbe2e3af6c046333dd54f1175dbf2a7f60
[0m[38;5;8m[[0m2021-01-02T16:54:25Z [0m[32mINFO [0m yagna[0m[38;5;8m][0m Identity GSB service successfully activated
[0m[38;5;8m[[0m2021-01-02T16:54:25Z [0m[32mINFO [0m ya_net::service[0m[38;5;8m][0m using default identity as network id: 0x88a91fbbe2e3af6c046333dd54f1175dbf2a7f60
[0m[38;5;8m[[0m2021-01-02T16:54:25Z [0m[32mINFO [0m ya_service_bus::connection[0m[38;5;8m][0m started connection to gsb
[0m[38;5;8m[[0m2021-01-02T16:54:25Z [0m[32mINFO [0m ya_net::service[0m[38;5;8m][0m network service bound at: 3.249.139.167:7464 under: /net/0x88a91fbbe2e3af6c046333dd54f1175dbf2a7f60
[0m[38;5;8m[[0m2021-01-02T16:54:25Z [0m[32mINFO [0m yagna[0m[38;5;8m][0m Net GSB service successfully activated
[0m[38;5;8m[[0m2021-01-02T16:54:25Z [0m[32mINFO [0m ya_market::protocol::discovery[0m[38;5;8m][0m Discovery protocol version: mk1
[0m[38;5;8m[[0m2021-01-02T16:54:25Z [0m[32mINFO [0m ya_market::db::dao::proposal[0m[38;5;8m][0m Clean market proposals: 106(36 negotiations) cleaned
[0m[38;5;8m[[0m2021-01-02T16:54:25Z [0m[32mINFO [0m ya_market::db::dao::offer[0m[38;5;8m][0m Clean market offers: 168 cleaned
[0m[38;5;8m[[0m2021-01-02T16:54:25Z [0m[32mINFO [0m ya_market::db::dao::offer[0m[38;5;8m][0m Clean market offers unsubscribes: 611 cleaned
[0m[38;5;8m[[0m2021-01-02T16:54:26Z [0m[32mINFO [0m ya_market::protocol::negotiation::provider[0m[38;5;8m][0m Negotiation (Provider) protocol version: mk1
[0m[38;5;8m[[0m2021-01-02T16:54:26Z [0m[32mINFO [0m ya_market::protocol::negotiation::requestor[0m[38;5;8m][0m Negotiation (Requestor) protocol version: mk1
[0m[38;5;8m[[0m2021-01-02T16:54:26Z [0m[32mINFO [0m yagna[0m[38;5;8m][0m Market GSB service successfully activated
[0m[38;5;8m[[0m2021-01-02T16:54:26Z [0m[32mINFO [0m yagna[0m[38;5;8m][0m Activity GSB service successfully activated
[0m[38;5;8m[[0m2021-01-02T16:54:26Z [0m[32mINFO [0m yagna[0m[38;5;8m][0m Payment GSB service successfully activated
[0m[38;5;8m[[0m2021-01-02T16:54:26Z [0m[32mINFO [0m yagna[0m[38;5;8m][0m SgxDriver GSB service successfully activated
[0m[38;5;8m[[0m2021-01-02T16:54:26Z [0m[32mINFO [0m ya_persistence::executor[0m[38;5;8m][0m using database at: /home/yanz/.local/share/yagna/gnt-driver.db
[0m[38;5;8m[[0m2021-01-02T16:54:26Z [0m[32mINFO [0m ya_gnt_driver[0m[38;5;8m][0m Load active accounts on driver start
[0m[38;5;8m[[0m2021-01-02T16:54:26Z [0m[32mINFO [0m ya_gnt_driver::gnt::sender[0m[38;5;8m][0m Account: "0x88a91fbbe2e3af6c046333dd54f1175dbf2a7f60" is unlocked
[0m[38;5;8m[[0m2021-01-02T16:54:26Z [0m[32mINFO [0m ya_persistence::executor[0m[38;5;8m][0m using database at: /home/yanz/.local/share/yagna/zksync-driver.db
[0m[38;5;8m[[0m2021-01-02T16:54:26Z [0m[32mINFO [0m ya_payment_driver::account[0m[38;5;8m][0m Account: "0x88a91fbbe2e3af6c046333dd54f1175dbf2a7f60" is unlocked
[0m[38;5;8m[[0m2021-01-02T16:54:26Z [0m[32mINFO [0m ya_zksync_driver::service[0m[38;5;8m][0m Succesfully connected ZksyncService to gsb.
[0m[38;5;8m[[0m2021-01-02T16:54:26Z [0m[32mINFO [0m ya_gnt_driver::service[0m[38;5;8m][0m init: Init { address: "0x88a91fbbe2e3af6c046333dd54f1175dbf2a7f60", mode: RECV }
[0m[38;5;8m[[0m2021-01-02T16:54:26Z [0m[32mINFO [0m ya_gnt_driver::gnt[0m[38;5;8m][0m Register account: 0x88a91fbbe2e3af6c046333dd54f1175dbf2a7f60, mode: RECV
[0m[38;5;8m[[0m2021-01-02T16:54:26Z [0m[32mINFO [0m ya_zksync_driver::driver[0m[38;5;8m][0m Initialised payment account. mode=RECV, address=0x88a91fbbe2e3af6c046333dd54f1175dbf2a7f60, driver=zksync, platform=ZK-NGNT
[0m[38;5;8m[[0m2021-01-02T16:54:26Z [0m[32mINFO [0m actix_server::builder[0m[38;5;8m][0m Starting 12 workers
[0m[38;5;8m[[0m2021-01-02T16:54:26Z [0m[32mINFO [0m actix_server::builder[0m[38;5;8m][0m Starting "actix-web-service-127.0.0.1:7465" service on 127.0.0.1:7465
[0m[38;5;8m[[0m2021-01-02T16:54:26Z [0m[32mINFO [0m ya_gnt_driver::service[0m[38;5;8m][0m init: Init { address: "0x88a91fbbe2e3af6c046333dd54f1175dbf2a7f60", mode: RECV }
[0m[38;5;8m[[0m2021-01-02T16:54:26Z [0m[32mINFO [0m ya_gnt_driver::gnt[0m[38;5;8m][0m Register account: 0x88a91fbbe2e3af6c046333dd54f1175dbf2a7f60, mode: RECV
[0m[38;5;8m[[0m2021-01-02T16:54:26Z [0m[32mINFO [0m ya_zksync_driver::driver[0m[38;5;8m][0m Initialised payment account. mode=RECV, address=0x88a91fbbe2e3af6c046333dd54f1175dbf2a7f60, driver=zksync, platform=ZK-NGNT
[0m[38;5;8m[[0m2021-01-02T16:54:26Z [0m[32mINFO [0m golemsp::service[0m[38;5;8m][0m Golem provider is running
[0m[38;5;8m[[0m2021-01-02T16:54:26Z [0m[32mINFO [0m ya_provider[0m[38;5;8m][0m Starting ya-provider...
[0m[38;5;8m[[0m2021-01-02T16:54:26Z [0m[32mINFO [0m ya_provider[0m[38;5;8m][0m Data directory: /home/yanz/.local/share/ya-provider
[0m[38;5;8m[[0m2021-01-02T16:54:26Z [0m[32mINFO [0m ya_provider::provider_agent[0m[38;5;8m][0m Loading payment accounts...
[0m[38;5;8m[[0m2021-01-02T16:54:26Z [0m[32mINFO [0m actix_server::accept[0m[38;5;8m][0m Accepting connections on 127.0.0.1:7465 has been resumed
[0m[38;5;8m[[0m2021-01-02T16:54:26Z [0m[32mINFO [0m ya_provider::provider_agent[0m[38;5;8m][0m Payment accounts: [
        Account {
            platform: "NGNT",
            address: "0x88a91fbbe2e3af6c046333dd54f1175dbf2a7f60",
        },
        Account {
            platform: "ZK-NGNT",
            address: "0x88a91fbbe2e3af6c046333dd54f1175dbf2a7f60",
        },
    ]
[0m[38;5;8m[[0m2021-01-02T16:54:26Z [0m[32mINFO [0m ya_provider::execution::exeunits_registry[0m[38;5;8m][0m Added [vm] ExeUnit to registry. Supervisor path: [/home/yanz/.local/lib/yagna/plugins/exe-unit], Runtime path: [Some("/home/yanz/.local/lib/yagna/plugins/ya-runtime-vm/ya-runtime-vm")].
[0m[38;5;8m[[0m2021-01-02T16:54:26Z [0m[32mINFO [0m ya_provider::execution::exeunits_registry[0m[38;5;8m][0m Added [wasmtime] ExeUnit to registry. Supervisor path: [/home/yanz/.local/lib/yagna/plugins/exe-unit], Runtime path: [Some("/home/yanz/.local/lib/yagna/plugins/ya-runtime-wasi")].
[0m[38;5;8m[[0m2021-01-02T16:54:26Z [0m[32mINFO [0m ya_provider::hardware[0m[38;5;8m][0m Activating hardware profile 'default'
[0m[38;5;8m[[0m2021-01-02T16:54:26Z [0m[32mINFO [0m ya_provider::hardware[0m[38;5;8m][0m Hardware resources cap: Resources { cpu_threads: 11, mem_gib: 21.388838067650795, storage_gib: 47.72864379882813 }
[0m[38;5;8m[[0m2021-01-02T16:54:26Z [0m[32mINFO [0m ya_provider::hardware[0m[38;5;8m][0m Hardware resources remaining: Resources { cpu_threads: 11, mem_gib: 21.388838067650795, storage_gib: 47.72864379882813 }
[0m[38;5;8m[[0m2021-01-02T16:54:26Z [0m[32mINFO [0m ya_provider::provider_agent[0m[38;5;8m][0m Using subnet: community.3
[0m[38;5;8m[[0m2021-01-02T16:54:26Z [0m[32mINFO [0m ya_provider::execution::task_runner[0m[38;5;8m][0m Reading offer template for vm
[0m[38;5;8m[[0m2021-01-02T16:54:26Z [0m[32mINFO [0m ya_provider::execution::exeunit_instance[0m[38;5;8m][0m Running ExeUnit: /home/yanz/.local/lib/yagna/plugins/exe-unit
[ExeUnit] [2021-01-02 10:54:26.247373 -06:00] INFO [exe-unit/src/runtime/process.rs:62] Executing "/home/yanz/.local/lib/yagna/plugins/ya-runtime-vm/ya-runtime-vm" with ["offer-template"] from path Ok("/home/yanz/.local/share/ya-provider/exe-unit/work")
[0m[38;5;8m[[0m2021-01-02T16:54:26Z [0m[32mINFO [0m ya_provider::execution::task_runner[0m[38;5;8m][0m Reading offer template for wasmtime
[0m[38;5;8m[[0m2021-01-02T16:54:26Z [0m[32mINFO [0m ya_provider::execution::exeunit_instance[0m[38;5;8m][0m Running ExeUnit: /home/yanz/.local/lib/yagna/plugins/exe-unit
[ExeUnit] [2021-01-02 10:54:26.259385 -06:00] INFO [exe-unit/src/runtime/process.rs:62] Executing "/home/yanz/.local/lib/yagna/plugins/ya-runtime-wasi" with ["offer-template"] from path Ok("/home/yanz/.local/share/ya-provider/exe-unit/work")
[ExeUnit] [[1;38;5;208m2021-01-02 10:54:26.269980 -06:00[0m] [1;38;5;208mWARN[0m [exe-unit/src/runtime/process.rs:85] [1;38;5;208mCannot read offer template from runtime; using defaults [/home/yanz/.local/lib/yagna/plugins/ya-runtime-wasi][0m
[0m[38;5;8m[[0m2021-01-02T16:54:26Z [0m[32mINFO [0m ya_provider::market::provider_market[0m[38;5;8m][0m Creating offer for preset [vm] and ExeUnit [vm]. Usage coeffs: {Duration: 0.0002777777777777778, Initial: 0.0, Cpu: 0.001388888888888889}
[0m[38;5;8m[[0m2021-01-02T16:54:26Z [0m[32mINFO [0m ya_provider::market::provider_market[0m[38;5;8m][0m Subscribing to events... [vm]
[0m[38;5;8m[[0m2021-01-02T16:54:26Z [0m[32mINFO [0m ya_market::matcher[0m[38;5;8m][0m Subscribed new Offer: [4c7242e375894b5ab09f4d74083ff413-99ee3e54f48dfe833f72234ce61b534e863824d964db534f472746b75e887f82] using identity: golem-cli [0x88a91fbbe2e3af6c046333dd54f1175dbf2a7f60]
[0m[38;5;8m[[0m2021-01-02T16:54:26Z [0m[32mINFO [0m ya_provider::market::provider_market[0m[38;5;8m][0m Subscribed offer. Subscription id [4c7242e375894b5ab09f4d74083ff413-99ee3e54f48dfe833f72234ce61b534e863824d964db534f472746b75e887f82], preset [vm].
[0m[38;5;8m[[0m2021-01-02T16:54:26Z [0m[32mINFO [0m ya_provider::market::provider_market[0m[38;5;8m][0m Creating offer for preset [wasmtime] and ExeUnit [wasmtime]. Usage coeffs: {Initial: 0.0, Cpu: 0.001388888888888889, Duration: 0.0002777777777777778}
[0m[38;5;8m[[0m2021-01-02T16:54:26Z [0m[32mINFO [0m ya_provider::market::provider_market[0m[38;5;8m][0m Subscribing to events... [wasmtime]
[0m[38;5;8m[[0m2021-01-02T16:54:26Z [0m[32mINFO [0m ya_market::matcher[0m[38;5;8m][0m Subscribed new Offer: [82ec3d96237c43b8ac31b3e50f461f39-3ac80182ff866375985cf6de1f8c6dc104db44c6e50cf66ae34a078c87966a37] using identity: golem-cli [0x88a91fbbe2e3af6c046333dd54f1175dbf2a7f60]
[0m[38;5;8m[[0m2021-01-02T16:54:26Z [0m[32mINFO [0m ya_provider::market::provider_market[0m[38;5;8m][0m Subscribed offer. Subscription id [82ec3d96237c43b8ac31b3e50f461f39-3ac80182ff866375985cf6de1f8c6dc104db44c6e50cf66ae34a078c87966a37], preset [wasmtime].
[0m[38;5;8m[[0m2021-01-02T16:54:35Z [0m[32mINFO [0m ya_metrics::pusher[0m[38;5;8m][0m Starting metrics pusher
[0m[38;5;8m[[0m2021-01-02T16:54:40Z [0m[32mINFO [0m ya_market::negotiation::common[0m[38;5;8m][0m Received counter Proposal [P-2c5e582f65d7eac2ebbe5f9b16fd640116d6fe25e7c853e143c58b1a9bf0bc27] for Proposal [P-c60234f264e0398da07a7d27ed4179ed49b03073b482754900f2e317046edb13] from [0x44fb8d8dac8cb50b2023b7373aa7a58d7105569f].
[0m[38;5;8m[[0m2021-01-02T16:54:42Z [0m[32mINFO [0m ya_provider::market::provider_market[0m[38;5;8m][0m Got proposal [P-2c5e582f65d7eac2ebbe5f9b16fd640116d6fe25e7c853e143c58b1a9bf0bc27] from Requestor [0x44fb8d8dac8cb50b2023b7373aa7a58d7105569f] for subscription [vm].
[0m[38;5;8m[[0m2021-01-02T16:54:42Z [0m[32mINFO [0m ya_provider::market::provider_market[0m[38;5;8m][0m Decided to AcceptProposal proposal ["P-2c5e582f65d7eac2ebbe5f9b16fd640116d6fe25e7c853e143c58b1a9bf0bc27"] for subscription [vm].
[0m[38;5;8m[[0m2021-01-02T16:54:42Z [0m[32mINFO [0m ya_market::negotiation::provider[0m[38;5;8m][0m Provider 'golem-cli' [0x88a91fbbe2e3af6c046333dd54f1175dbf2a7f60] countered Proposal [P-2c5e582f65d7eac2ebbe5f9b16fd640116d6fe25e7c853e143c58b1a9bf0bc27] with [P-24f37a0b19cb5e9e7bf938a1a5a277555502cc055a12160199f81f5777200f37]
[0m[38;5;8m[[0m2021-01-02T16:55:20Z [0m[32mINFO [0m ya_market::negotiation::common[0m[38;5;8m][0m Received counter Proposal [P-574a89506edb6751f446045e389d69cd61453b5861afe914321f0c4adc155369] for Proposal [P-8c0a79e865237e87f08e0cf40cb525b5c6187576ba7f7526104a128b918d6ed8] from [0x6fdc525caf1e5f80b058610ab2b03da088cc571f].
[0m[38;5;8m[[0m2021-01-02T16:55:21Z [0m[32mINFO [0m ya_payment::service::local[0m[38;5;8m][0m get status: GetStatus { platform: "ZK-NGNT", address: "0x88a91fbbe2e3af6c046333dd54f1175dbf2a7f60" }
[0m[38;5;8m[[0m2021-01-02T16:55:21Z [0m[32mINFO [0m ya_payment::service::local[0m[38;5;8m][0m get status: GetStatus { platform: "NGNT", address: "0x88a91fbbe2e3af6c046333dd54f1175dbf2a7f60" }
[0m[38;5;8m[[0m2021-01-02T16:55:21Z [0m[32mINFO [0m ya_gnt_driver::service[0m[38;5;8m][0m get account balance: GetAccountBalance("0x88a91fbbe2e3af6c046333dd54f1175dbf2a7f60")
[0m[38;5;8m[[0m2021-01-02T16:55:22Z [0m[32mINFO [0m ya_provider::market::provider_market[0m[38;5;8m][0m Got proposal [P-574a89506edb6751f446045e389d69cd61453b5861afe914321f0c4adc155369] from Requestor [0x6fdc525caf1e5f80b058610ab2b03da088cc571f] for subscription [vm].
[0m[38;5;8m[[0m2021-01-02T16:55:22Z [0m[32mINFO [0m ya_provider::market::provider_market[0m[38;5;8m][0m Decided to AcceptProposal proposal ["P-574a89506edb6751f446045e389d69cd61453b5861afe914321f0c4adc155369"] for subscription [vm].
[0m[38;5;8m[[0m2021-01-02T16:55:22Z [0m[32mINFO [0m ya_market::negotiation::provider[0m[38;5;8m][0m Provider 'golem-cli' [0x88a91fbbe2e3af6c046333dd54f1175dbf2a7f60] countered Proposal [P-574a89506edb6751f446045e389d69cd61453b5861afe914321f0c4adc155369] with [P-7a6614f60c1f0421533ea5bced88d44550ff9f19e9a419a3eca19bac28a4246e]
[0m[38;5;8m[[0m2021-01-02T16:57:46Z [0m[32mINFO [0m ya_market::negotiation::common[0m[38;5;8m][0m Received counter Proposal [P-f47cd7dd055e575e0c8f997c2180cee09d035db02079866fb7520554b55396bd] for Proposal [P-2c629ef26f5b8ed4680acc7850f3386c9ad27bf27177b5a2cccd22876804dd37] from [0x6fdc525caf1e5f80b058610ab2b03da088cc571f].
[0m[38;5;8m[[0m2021-01-02T16:57:46Z [0m[32mINFO [0m ya_provider::market::provider_market[0m[38;5;8m][0m Got proposal [P-f47cd7dd055e575e0c8f997c2180cee09d035db02079866fb7520554b55396bd] from Requestor [0x6fdc525caf1e5f80b058610ab2b03da088cc571f] for subscription [vm].
[0m[38;5;8m[[0m2021-01-02T16:57:46Z [0m[32mINFO [0m ya_provider::market::provider_market[0m[38;5;8m][0m Decided to AcceptProposal proposal ["P-f47cd7dd055e575e0c8f997c2180cee09d035db02079866fb7520554b55396bd"] for subscription [vm].
[0m[38;5;8m[[0m2021-01-02T16:57:46Z [0m[32mINFO [0m ya_market::negotiation::provider[0m[38;5;8m][0m Provider 'golem-cli' [0x88a91fbbe2e3af6c046333dd54f1175dbf2a7f60] countered Proposal [P-f47cd7dd055e575e0c8f997c2180cee09d035db02079866fb7520554b55396bd] with [P-c3f6de92c6d4de887f408fd3bfefd2d1e36a95f1705023119f5fb123899ab496]
[0m[38;5;8m[[0m2021-01-02T16:57:55Z [0m[32mINFO [0m ya_payment::service::local[0m[38;5;8m][0m get status: GetStatus { platform: "ZK-NGNT", address: "0x88a91fbbe2e3af6c046333dd54f1175dbf2a7f60" }
[0m[38;5;8m[[0m2021-01-02T16:57:55Z [0m[32mINFO [0m ya_payment::service::local[0m[38;5;8m][0m get status: GetStatus { platform: "NGNT", address: "0x88a91fbbe2e3af6c046333dd54f1175dbf2a7f60" }
[0m[38;5;8m[[0m2021-01-02T16:57:55Z [0m[32mINFO [0m ya_gnt_driver::service[0m[38;5;8m][0m get account balance: GetAccountBalance("0x88a91fbbe2e3af6c046333dd54f1175dbf2a7f60")
[0m[38;5;8m[[0m2021-01-02T16:58:22Z [0m[32mINFO [0m ya_market::negotiation::common[0m[38;5;8m][0m Received counter Proposal [P-28159f0dc3101ce270b1b735046b36457687d878621f9ec84b6a61fa7659a3d9] for Proposal [P-075d3d25b8de7cb3b1780f699b173d887b6ba9ce88ba65bbe5d86cc565e1901d] from [0x6fdc525caf1e5f80b058610ab2b03da088cc571f].
[0m[38;5;8m[[0m2021-01-02T16:58:22Z [0m[32mINFO [0m ya_provider::market::provider_market[0m[38;5;8m][0m Got proposal [P-28159f0dc3101ce270b1b735046b36457687d878621f9ec84b6a61fa7659a3d9] from Requestor [0x6fdc525caf1e5f80b058610ab2b03da088cc571f] for subscription [vm].
[0m[38;5;8m[[0m2021-01-02T16:58:22Z [0m[32mINFO [0m ya_provider::market::provider_market[0m[38;5;8m][0m Decided to AcceptProposal proposal ["P-28159f0dc3101ce270b1b735046b36457687d878621f9ec84b6a61fa7659a3d9"] for subscription [vm].
[0m[38;5;8m[[0m2021-01-02T16:58:23Z [0m[32mINFO [0m ya_market::negotiation::provider[0m[38;5;8m][0m Provider 'golem-cli' [0x88a91fbbe2e3af6c046333dd54f1175dbf2a7f60] countered Proposal [P-28159f0dc3101ce270b1b735046b36457687d878621f9ec84b6a61fa7659a3d9] with [P-c56b6d4ba2c64255bc0c56b40eeafa5cca191e813afef2d0829c84fab06d9bfb]
[0m[38;5;8m[[0m2021-01-02T16:58:40Z [0m[32mINFO [0m ya_market::negotiation::common[0m[38;5;8m][0m Received counter Proposal [P-cab191f325e60287cd1cc5ecf8569f7cb07221f64f56f7e93911c4b5a259cb5c] for Proposal [P-23833138f153ca4d5c2f55e552f2d4706b99110c1fb14553b05d36d371201fe9] from [0x4e089225f8c9895878d5c1e43de0432e8f16d9ba].
[0m[38;5;8m[[0m2021-01-02T16:58:42Z [0m[32mINFO [0m ya_provider::market::provider_market[0m[38;5;8m][0m Got proposal [P-cab191f325e60287cd1cc5ecf8569f7cb07221f64f56f7e93911c4b5a259cb5c] from Requestor [0x4e089225f8c9895878d5c1e43de0432e8f16d9ba] for subscription [vm].
[0m[38;5;8m[[0m2021-01-02T16:58:42Z [0m[32mINFO [0m ya_provider::market::provider_market[0m[38;5;8m][0m Decided to AcceptProposal proposal ["P-cab191f325e60287cd1cc5ecf8569f7cb07221f64f56f7e93911c4b5a259cb5c"] for subscription [vm].
[0m[38;5;8m[[0m2021-01-02T16:58:43Z [0m[32mINFO [0m ya_market::negotiation::provider[0m[38;5;8m][0m Provider 'golem-cli' [0x88a91fbbe2e3af6c046333dd54f1175dbf2a7f60] countered Proposal [P-cab191f325e60287cd1cc5ecf8569f7cb07221f64f56f7e93911c4b5a259cb5c] with [P-74a80416093585ffc89908cb48e1483d7358ad4aea9924d5008791f3baa48258]
[0m[38;5;8m[[0m2021-01-02T16:58:55Z [0m[32mINFO [0m ya_market::negotiation::provider[0m[38;5;8m][0m Agreement proposal [P-ab74df634d2db62c2ab29709f362a28fb3f327ed8d6109f53ebb94145ce58490] received from [0x4e089225f8c9895878d5c1e43de0432e8f16d9ba].
[0m[38;5;8m[[0m2021-01-02T16:58:55Z [0m[32mINFO [0m ya_provider::market::provider_market[0m[38;5;8m][0m Got agreement [ab74df634d2db62c2ab29709f362a28fb3f327ed8d6109f53ebb94145ce58490] from Requestor [0x4e089225f8c9895878d5c1e43de0432e8f16d9ba] for subscription [vm].
[0m[38;5;8m[[0m2021-01-02T16:58:55Z [0m[32mINFO [0m ya_provider::market::provider_market[0m[38;5;8m][0m Decided to ApproveAgreement agreement [ab74df634d2db62c2ab29709f362a28fb3f327ed8d6109f53ebb94145ce58490] for subscription [vm].
[0m[38;5;8m[[0m2021-01-02T16:58:55Z [0m[32mINFO [0m ya_market::negotiation::provider[0m[38;5;8m][0m Provider 'golem-cli' [0x88a91fbbe2e3af6c046333dd54f1175dbf2a7f60] approved Agreement [P-ab74df634d2db62c2ab29709f362a28fb3f327ed8d6109f53ebb94145ce58490].
[0m[38;5;8m[[0m2021-01-02T16:58:55Z [0m[32mINFO [0m ya_provider::market::provider_market[0m[38;5;8m][0m Got approved agreement [ab74df634d2db62c2ab29709f362a28fb3f327ed8d6109f53ebb94145ce58490].
[0m[38;5;8m[[0m2021-01-02T16:58:55Z [0m[32mINFO [0m ya_provider::payments::payments[0m[38;5;8m][0m Payments got signed agreement [ab74df634d2db62c2ab29709f362a28fb3f327ed8d6109f53ebb94145ce58490]. Waiting for activities creation...
[0m[38;5;8m[[0m2021-01-02T16:58:55Z [0m[32mINFO [0m ya_provider::payments::pricing[0m[38;5;8m][0m Creating LinearPricing payment model. Usage coefficients vector: [0.0002777777777777778, 0.001388888888888889, 0.0].
[0m[38;5;8m[[0m2021-01-02T16:58:56Z [0m[32mINFO [0m ya_provider::execution::task_runner[0m[38;5;8m][0m Collected 1 activity events. Processing...
[0m[38;5;8m[[0m2021-01-02T16:58:56Z [0m[32mINFO [0m ya_provider::execution::task_runner[0m[38;5;8m][0m Creating task: agreement [ab74df634d2db62c2ab29709f362a28fb3f327ed8d6109f53ebb94145ce58490], activity [a0aa26b9e5654691acf56d63e6a87f3f] in directory: [/home/yanz/.local/share/ya-provider/exe-unit/work/ab74df634d2db62c2ab29709f362a28fb3f327ed8d6109f53ebb94145ce58490/a0aa26b9e5654691acf56d63e6a87f3f].
[0m[38;5;8m[[0m2021-01-02T16:58:56Z [0m[32mINFO [0m ya_provider::execution::exeunit_instance[0m[38;5;8m][0m Spawning exeunit instance: vm
[0m[38;5;8m[[0m2021-01-02T16:58:56Z [0m[32mINFO [0m ya_provider::execution::exeunit_instance[0m[38;5;8m][0m Exeunit process spawned, pid: 444623
[0m[38;5;8m[[0m2021-01-02T16:58:56Z [0m[32mINFO [0m ya_provider::execution::task_runner[0m[38;5;8m][0m Activity created: ()
[0m[38;5;8m[[0m2021-01-02T16:58:56Z [0m[32mINFO [0m ya_provider::payments::payments[0m[38;5;8m][0m Payments - activity [a0aa26b9e5654691acf56d63e6a87f3f] created. Start computing costs.
Parsing agreement at /home/yanz/.local/share/ya-provider/exe-unit/work/ab74df634d2db62c2ab29709f362a28fb3f327ed8d6109f53ebb94145ce58490/agreement.json
[ExeUnit] [2021-01-02 10:58:56.488975 -06:00] INFO [exe-unit/src/service/transfer.rs:244] Transfer service started
[ExeUnit] [2021-01-02 10:58:56.489084 -06:00] INFO [exe-unit/src/runtime/process.rs:292] Runtime handler started
[ExeUnit] [2021-01-02 10:58:56.489314 -06:00] INFO [service-bus/bus/src/remote_router.rs:39] trying to connect to: 127.0.0.1:7464
[ExeUnit] [2021-01-02 10:58:56.489588 -06:00] INFO [exe-unit/src/lib.rs:351] Supervisor initialized
[ExeUnit] [2021-01-02 10:58:56.489779 -06:00] INFO [service-bus/bus/src/connection.rs:405] started connection to gsb
[0m[38;5;8m[[0m2021-01-02T16:59:02Z [0m[32mINFO [0m ya_provider::payments::payments[0m[38;5;8m][0m Updating cost for activity [a0aa26b9e5654691acf56d63e6a87f3f]: 0.001491695685277778, usage [5.001394467, 0.073742].
[0m[38;5;8m[[0m2021-01-02T16:59:02Z [0m[32mINFO [0m ya_provider::payments::payments[0m[38;5;8m][0m Debit note [f2cbd8ed-3304-4ed5-a079-c79f0afd1dc6] for activity [a0aa26b9e5654691acf56d63e6a87f3f] sent.
[0m[38;5;8m[[0m2021-01-02T16:59:08Z [0m[32mINFO [0m ya_provider::payments::payments[0m[38;5;8m][0m Updating cost for activity [a0aa26b9e5654691acf56d63e6a87f3f]: 0.003572995289166667, usage [12.001378041, 0.172281].
[0m[38;5;8m[[0m2021-01-02T16:59:09Z [0m[32mINFO [0m ya_provider::payments::payments[0m[38;5;8m][0m Debit note [a491113d-e092-47e7-ba53-6935773afb31] for activity [a0aa26b9e5654691acf56d63e6a87f3f] sent.
[0m[38;5;8m[[0m2021-01-02T16:59:10Z [0m[32mINFO [0m ya_payment::service::local[0m[38;5;8m][0m get status: GetStatus { platform: "ZK-NGNT", address: "0x88a91fbbe2e3af6c046333dd54f1175dbf2a7f60" }
[0m[38;5;8m[[0m2021-01-02T16:59:10Z [0m[32mINFO [0m ya_payment::service::local[0m[38;5;8m][0m get status: GetStatus { platform: "NGNT", address: "0x88a91fbbe2e3af6c046333dd54f1175dbf2a7f60" }
[0m[38;5;8m[[0m2021-01-02T16:59:10Z [0m[32mINFO [0m ya_gnt_driver::service[0m[38;5;8m][0m get account balance: GetAccountBalance("0x88a91fbbe2e3af6c046333dd54f1175dbf2a7f60")
[0m[38;5;8m[[0m2021-01-02T16:59:15Z [0m[32mINFO [0m ya_provider::payments::payments[0m[38;5;8m][0m Updating cost for activity [a0aa26b9e5654691acf56d63e6a87f3f]: 0.005649091390000000, usage [19.001719004, 0.267002].
[0m[38;5;8m[[0m2021-01-02T16:59:16Z [0m[32mINFO [0m ya_provider::payments::payments[0m[38;5;8m][0m Debit note [f39d3953-da27-470d-94ab-a7e1f8024f4f] for activity [a0aa26b9e5654691acf56d63e6a87f3f] sent.
[0m[38;5;8m[[0m2021-01-02T16:59:22Z [0m[32mINFO [0m ya_provider::payments::payments[0m[38;5;8m][0m Updating cost for activity [a0aa26b9e5654691acf56d63e6a87f3f]: 0.007427861079444444, usage [25.001864886, 0.347687].
[0m[38;5;8m[[0m2021-01-02T16:59:22Z [0m[32mINFO [0m ya_provider::payments::payments[0m[38;5;8m][0m Debit note [65721ce7-5987-4345-93dc-850d2e2e42de] for activity [a0aa26b9e5654691acf56d63e6a87f3f] sent.
[0m[38;5;8m[[0m2021-01-02T16:59:28Z [0m[32mINFO [0m ya_provider::payments::payments[0m[38;5;8m][0m Updating cost for activity [a0aa26b9e5654691acf56d63e6a87f3f]: 0.009511769687499999, usage [32.001310875, 0.448212].
[0m[38;5;8m[[0m2021-01-02T16:59:29Z [0m[32mINFO [0m ya_provider::payments::payments[0m[38;5;8m][0m Debit note [de4f401e-bc37-4d78-bfb0-edec81bbd573] for activity [a0aa26b9e5654691acf56d63e6a87f3f] sent.
[ExeUnit] [2021-01-02 10:59:31.689858 -06:00] INFO [exe-unit/src/lib.rs:245] Executing command: Deploy
[ExeUnit] [2021-01-02 10:59:31.694976 -06:00] INFO [exe-unit/src/service/transfer.rs:275] Deploying from Url { scheme: "http", host: Some(Domain("yacn.dev.golem.network")), port: Some(8000), path: "/docker-blender-latest-fda2973702.gvmi", query: None, fragment: None } to "/home/yanz/.local/share/ya-provider/exe-unit/cache/docker-blender-latest-fda2973702.gvmi"
[ExeUnit] [[1;38;5;196m2021-01-02 10:59:31.705025 -06:00[0m] [1;38;5;196mERROR[0m [/home/runner/.cargo/registry/src/github.com-1ecc6299db9ec823/actix-connect-1.0.2/src/lib.rs:57] [1;38;5;196mTRust-DNS can not load system config: Error parsing resolv.conf: InvalidOption(17)[0m
[0m[38;5;8m[[0m2021-01-02T16:59:35Z [0m[32mINFO [0m ya_provider::payments::payments[0m[38;5;8m][0m Updating cost for activity [a0aa26b9e5654691acf56d63e6a87f3f]: 0.01294713344722222, usage [38.00141541, 1.721653].
[0m[38;5;8m[[0m2021-01-02T16:59:35Z [0m[32mINFO [0m ya_provider::payments::payments[0m[38;5;8m][0m Debit note [77a5c6bd-2254-4b17-8089-b85eba164b9b] for activity [a0aa26b9e5654691acf56d63e6a87f3f] sent.
[0m[38;5;8m[[0m2021-01-02T16:59:41Z [0m[32mINFO [0m ya_provider::payments::payments[0m[38;5;8m][0m Updating cost for activity [a0aa26b9e5654691acf56d63e6a87f3f]: 0.01922421658666667, usage [45.001149712, 4.841206].
[0m[38;5;8m[[0m2021-01-02T16:59:42Z [0m[32mINFO [0m ya_provider::payments::payments[0m[38;5;8m][0m Debit note [401c6914-274c-4114-aba4-7798e504a8a3] for activity [a0aa26b9e5654691acf56d63e6a87f3f] sent.
[0m[38;5;8m[[0m2021-01-02T16:59:48Z [0m[32mINFO [0m ya_provider::payments::payments[0m[38;5;8m][0m Updating cost for activity [a0aa26b9e5654691acf56d63e6a87f3f]: 0.02658117000250000, usage [51.001142009, 8.938214].
[0m[38;5;8m[[0m2021-01-02T16:59:48Z [0m[32mINFO [0m ya_provider::payments::payments[0m[38;5;8m][0m Debit note [b5d12b3b-e7c9-4202-8a37-7fb3b4057b43] for activity [a0aa26b9e5654691acf56d63e6a87f3f] sent.
[0m[38;5;8m[[0m2021-01-02T16:59:54Z [0m[32mINFO [0m ya_provider::payments::payments[0m[38;5;8m][0m Updating cost for activity [a0aa26b9e5654691acf56d63e6a87f3f]: 0.03408471599111111, usage [58.001047568, 12.940786].
[0m[38;5;8m[[0m2021-01-02T16:59:55Z [0m[32mINFO [0m ya_provider::payments::payments[0m[38;5;8m][0m Debit note [81d34dc5-031a-49a7-b877-3159a7009ce2] for activity [a0aa26b9e5654691acf56d63e6a87f3f] sent.
[0m[38;5;8m[[0m2021-01-02T17:00:01Z [0m[32mINFO [0m ya_provider::payments::payments[0m[38;5;8m][0m Updating cost for activity [a0aa26b9e5654691acf56d63e6a87f3f]: 0.04297361015361111, usage [65.001066553, 17.940786].
[0m[38;5;8m[[0m2021-01-02T17:00:01Z [0m[32mINFO [0m ya_provider::payments::payments[0m[38;5;8m][0m Debit note [f815feb5-cce8-4489-8cdd-8fe07159e7df] for activity [a0aa26b9e5654691acf56d63e6a87f3f] sent.
[0m[38;5;8m[[0m2021-01-02T17:00:07Z [0m[32mINFO [0m ya_provider::payments::payments[0m[38;5;8m][0m Updating cost for activity [a0aa26b9e5654691acf56d63e6a87f3f]: 0.04741817002805555, usage [71.001482101, 19.940786].
[0m[38;5;8m[[0m2021-01-02T17:00:08Z [0m[32mINFO [0m ya_provider::payments::payments[0m[38;5;8m][0m Debit note [28da5596-e97a-455d-a33e-41f8eda60900] for activity [a0aa26b9e5654691acf56d63e6a87f3f] sent.
[0m[38;5;8m[[0m2021-01-02T17:00:14Z [0m[32mINFO [0m ya_provider::payments::payments[0m[38;5;8m][0m Updating cost for activity [a0aa26b9e5654691acf56d63e6a87f3f]: 0.04908491784305555, usage [77.001774235, 19.940786].
[0m[38;5;8m[[0m2021-01-02T17:00:15Z [0m[32mINFO [0m ya_provider::payments::payments[0m[38;5;8m][0m Debit note [752a4dd2-2931-4872-a73a-cd4765c7d29c] for activity [a0aa26b9e5654691acf56d63e6a87f3f] sent.
[0m[38;5;8m[[0m2021-01-02T17:00:21Z [0m[32mINFO [0m ya_provider::payments::payments[0m[38;5;8m][0m Updating cost for activity [a0aa26b9e5654691acf56d63e6a87f3f]: 0.05246238025500000, usage [84.001963918, 20.972521].
[0m[38;5;8m[[0m2021-01-02T17:00:21Z [0m[32mINFO [0m ya_provider::payments::payments[0m[38;5;8m][0m Debit note [71a3be3b-f33e-4a07-a890-614dbb0834e1] for activity [a0aa26b9e5654691acf56d63e6a87f3f] sent.
[0m[38;5;8m[[0m2021-01-02T17:00:27Z [0m[32mINFO [0m ya_provider::payments::payments[0m[38;5;8m][0m Updating cost for activity [a0aa26b9e5654691acf56d63e6a87f3f]: 0.05857323362055555, usage [91.001036034, 23.972521].
[0m[38;5;8m[[0m2021-01-02T17:00:28Z [0m[32mINFO [0m ya_provider::payments::payments[0m[38;5;8m][0m Debit note [86da0f2f-e129-41dc-be0a-4d0dde685b35] for activity [a0aa26b9e5654691acf56d63e6a87f3f] sent.
[0m[38;5;8m[[0m2021-01-02T17:00:34Z [0m[32mINFO [0m ya_provider::payments::payments[0m[38;5;8m][0m Updating cost for activity [a0aa26b9e5654691acf56d63e6a87f3f]: 0.06579546456749999, usage [97.001067443, 27.972521].
[0m[38;5;8m[[0m2021-01-02T17:00:34Z [0m[32mINFO [0m ya_provider::payments::payments[0m[38;5;8m][0m Debit note [8e4b509b-f504-4f12-b71f-cae7bbdbbc09] for activity [a0aa26b9e5654691acf56d63e6a87f3f] sent.
[ExeUnit] [2021-01-02 11:00:37.662326 -06:00] INFO [utils/transfer/src/lib.rs:240] Hash verified successfully: "58a4b9e4438b8ee20e39c35b8b66f56a4d245a70b7e797325f867b44"
[ExeUnit] [2021-01-02 11:00:38.034170 -06:00] INFO [exe-unit/src/service/transfer.rs:318] Deployment from Url { scheme: "http", host: Some(Domain("yacn.dev.golem.network")), port: Some(8000), path: "/docker-blender-latest-fda2973702.gvmi", query: None, fragment: None } finished
[ExeUnit] [2021-01-02 11:00:38.034251 -06:00] INFO [exe-unit/src/runtime/process.rs:142] Executing "/home/yanz/.local/lib/yagna/plugins/ya-runtime-vm/ya-runtime-vm" with Ok(["--workdir", "/home/yanz/.local/share/ya-provider/exe-unit/work/ab74df634d2db62c2ab29709f362a28fb3f327ed8d6109f53ebb94145ce58490/a0aa26b9e5654691acf56d63e6a87f3f", "--task-package", "/home/yanz/.local/share/ya-provider/exe-unit/cache/docker-blender-latest-fda2973702.gvmi", "--cpu-cores", "6", "--mem-gib", "21.388838067650795", "--storage-gib", "47.72864379882813", "deploy"]) from path Ok("/home/yanz/.local/share/ya-provider/exe-unit/work/ab74df634d2db62c2ab29709f362a28fb3f327ed8d6109f53ebb94145ce58490/a0aa26b9e5654691acf56d63e6a87f3f")
[ExeUnit] [2021-01-02 11:00:38.083516 -06:00] INFO [exe-unit/src/service/transfer.rs:478] Adding volumes: [ContainerVolume { name: "vol-dbd0f482-c1d3-4290-80ba-75004bccbc55", path: "/golem/resource" }, ContainerVolume { name: "vol-beae63cb-23c6-4a95-8eef-4ac46aa45a58", path: "/golem/output" }, ContainerVolume { name: "vol-4e31c99f-0662-487a-bbc0-e27cd4bdc056", path: "/golem/work" }]
[ExeUnit] [2021-01-02 11:00:38.083581 -06:00] INFO [exe-unit/src/runtime/process.rs:327] Setting runtime mode to: Service
[ExeUnit] [2021-01-02 11:00:38.083623 -06:00] INFO [exe-unit/src/lib.rs:245] Executing command: Start { args: [] }
[ExeUnit] [2021-01-02 11:00:38.083719 -06:00] INFO [exe-unit/src/runtime/process.rs:199] Executing "/home/yanz/.local/lib/yagna/plugins/ya-runtime-vm/ya-runtime-vm" with ["--workdir", "/home/yanz/.local/share/ya-provider/exe-unit/work/ab74df634d2db62c2ab29709f362a28fb3f327ed8d6109f53ebb94145ce58490/a0aa26b9e5654691acf56d63e6a87f3f", "--task-package", "/home/yanz/.local/share/ya-provider/exe-unit/cache/docker-blender-latest-fda2973702.gvmi", "--cpu-cores", "6", "--mem-gib", "21.388838067650795", "--storage-gib", "47.72864379882813", "start"]
[0m[38;5;8m[[0m2021-01-02T17:00:38Z [0m[32mINFO [0m ya_runtime_vm::guest_agent_comm[0m[38;5;8m][0m Waiting for Guest Agent socket ...
ioctl(KVM_CREATE_VM) failed: 16 Device or resource busy
vmrt: failed to initialize kvm: Device or resource busy
thread 'main' panicked at 'failed to start runtime: Os { code: 111, kind: ConnectionRefused, message: "Connection refused" }', runtime/src/main.rs:459:22
note: run with `RUST_BACKTRACE=1` environment variable to display a backtrace
[0m[38;5;8m[[0m2021-01-02T17:00:40Z [0m[32mINFO [0m ya_provider::payments::payments[0m[38;5;8m][0m Updating cost for activity [a0aa26b9e5654691acf56d63e6a87f3f]: 0.07190658669472223, usage [104.001107101, 30.972521].
[0m[38;5;8m[[0m2021-01-02T17:00:41Z [0m[32mINFO [0m ya_provider::payments::payments[0m[38;5;8m][0m Debit note [71f3cf06-1ce9-44b7-bb11-30b903f594da] for activity [a0aa26b9e5654691acf56d63e6a87f3f] sent.
[0m[38;5;8m[[0m2021-01-02T17:00:47Z [0m[32mINFO [0m ya_provider::payments::payments[0m[38;5;8m][0m Updating cost for activity [a0aa26b9e5654691acf56d63e6a87f3f]: 0.07357335670472223, usage [110.001479137, 30.972521].
[0m[38;5;8m[[0m2021-01-02T17:00:47Z [0m[32mINFO [0m ya_provider::payments::payments[0m[38;5;8m][0m Debit note [010bed7e-2678-4948-a6c7-4097e52f1943] for activity [a0aa26b9e5654691acf56d63e6a87f3f] sent.
[0m[38;5;8m[[0m2021-01-02T17:00:53Z [0m[32mINFO [0m ya_provider::payments::payments[0m[38;5;8m][0m Updating cost for activity [a0aa26b9e5654691acf56d63e6a87f3f]: 0.07551797701527778, usage [117.002112255, 30.972521].
[0m[38;5;8m[[0m2021-01-02T17:00:54Z [0m[32mINFO [0m ya_provider::payments::payments[0m[38;5;8m][0m Debit note [ad9dfe42-6fc2-490f-8f68-3e27908507d9] for activity [a0aa26b9e5654691acf56d63e6a87f3f] sent.
[0m[38;5;8m[[0m2021-01-02T17:01:00Z [0m[32mINFO [0m ya_provider::payments::payments[0m[38;5;8m][0m Updating cost for activity [a0aa26b9e5654691acf56d63e6a87f3f]: 0.07726303742888890, usage [123.001554744, 31.029076].
[0m[38;5;8m[[0m2021-01-02T17:01:00Z [0m[32mINFO [0m ya_provider::payments::payments[0m[38;5;8m][0m Debit note [f5d4fdb2-b133-4c5e-993a-22065e0702fb] for activity [a0aa26b9e5654691acf56d63e6a87f3f] sent.
[0m[38;5;8m[[0m2021-01-02T17:01:06Z [0m[32mINFO [0m ya_provider::payments::payments[0m[38;5;8m][0m Updating cost for activity [a0aa26b9e5654691acf56d63e6a87f3f]: 0.08059630972305556, usage [130.001335003, 32.029076].
[0m[38;5;8m[[0m2021-01-02T17:01:07Z [0m[32mINFO [0m ya_provider::payments::payments[0m[38;5;8m][0m Debit note [1b2f4f36-e494-4190-9e18-f273d9098c89] for activity [a0aa26b9e5654691acf56d63e6a87f3f] sent.
[0m[38;5;8m[[0m2021-01-02T17:01:13Z [0m[32mINFO [0m ya_provider::payments::payments[0m[38;5;8m][0m Updating cost for activity [a0aa26b9e5654691acf56d63e6a87f3f]: 0.08226297083527778, usage [136.001315007, 32.029076].
[0m[38;5;8m[[0m2021-01-02T17:01:14Z [0m[32mINFO [0m ya_provider::payments::payments[0m[38;5;8m][0m Debit note [f377ad3b-dc5c-410b-8125-2c2929a822d7] for activity [a0aa26b9e5654691acf56d63e6a87f3f] sent.
[0m[38;5;8m[[0m2021-01-02T17:01:20Z [0m[32mINFO [0m ya_provider::payments::payments[0m[38;5;8m][0m Updating cost for activity [a0aa26b9e5654691acf56d63e6a87f3f]: 0.08420744338833333, usage [143.001416198, 32.029076].
[0m[38;5;8m[[0m2021-01-02T17:01:20Z [0m[32mINFO [0m ya_provider::payments::payments[0m[38;5;8m][0m Debit note [35631a4d-0a98-44d2-bef6-7d3598cc5782] for activity [a0aa26b9e5654691acf56d63e6a87f3f] sent.
[0m[38;5;8m[[0m2021-01-02T17:01:26Z [0m[32mINFO [0m ya_provider::payments::payments[0m[38;5;8m][0m Updating cost for activity [a0aa26b9e5654691acf56d63e6a87f3f]: 0.08615186897138889, usage [150.001348297, 32.029076].
[0m[38;5;8m[[0m2021-01-02T17:01:27Z [0m[32mINFO [0m ya_provider::payments::payments[0m[38;5;8m][0m Debit note [44ad3809-a236-46e3-8526-52359d920b50] for activity [a0aa26b9e5654691acf56d63e6a87f3f] sent.
[0m[38;5;8m[[0m2021-01-02T17:01:33Z [0m[32mINFO [0m ya_provider::payments::payments[0m[38;5;8m][0m Updating cost for activity [a0aa26b9e5654691acf56d63e6a87f3f]: 0.08781856692611112, usage [156.001460934, 32.029076].
[0m[38;5;8m[[0m2021-01-02T17:01:33Z [0m[32mINFO [0m ya_provider::payments::payments[0m[38;5;8m][0m Debit note [10812519-031d-4817-bdde-aec2565c712c] for activity [a0aa26b9e5654691acf56d63e6a87f3f] sent.
[0m[38;5;8m[[0m2021-01-02T17:01:39Z [0m[32mINFO [0m ya_provider::payments::payments[0m[38;5;8m][0m Updating cost for activity [a0aa26b9e5654691acf56d63e6a87f3f]: 0.08976319693750001, usage [163.002128975, 32.029076].
[0m[38;5;8m[[0m2021-01-02T17:01:40Z [0m[32mINFO [0m ya_provider::payments::payments[0m[38;5;8m][0m Debit note [e5a7a1e9-c42b-48ab-9ea1-664e76e29965] for activity [a0aa26b9e5654691acf56d63e6a87f3f] sent.
[0m[38;5;8m[[0m2021-01-02T17:01:46Z [0m[32mINFO [0m ya_provider::payments::payments[0m[38;5;8m][0m Updating cost for activity [a0aa26b9e5654691acf56d63e6a87f3f]: 0.09142976733055555, usage [169.00178239, 32.029076].
[0m[38;5;8m[[0m2021-01-02T17:01:46Z [0m[32mINFO [0m ya_provider::payments::payments[0m[38;5;8m][0m Debit note [0caa9d23-46df-481d-b0ba-ecbc93f67e03] for activity [a0aa26b9e5654691acf56d63e6a87f3f] sent.
[0m[38;5;8m[[0m2021-01-02T17:01:52Z [0m[32mINFO [0m ya_provider::payments::payments[0m[38;5;8m][0m Updating cost for activity [a0aa26b9e5654691acf56d63e6a87f3f]: 0.09337407862277777, usage [176.001303042, 32.029076].
[0m[38;5;8m[[0m2021-01-02T17:01:53Z [0m[32mINFO [0m ya_provider::payments::payments[0m[38;5;8m][0m Debit note [504c8141-9d9b-40cd-b490-c6a658fb6952] for activity [a0aa26b9e5654691acf56d63e6a87f3f] sent.
[0m[38;5;8m[[0m2021-01-02T17:01:59Z [0m[32mINFO [0m ya_provider::payments::payments[0m[38;5;8m][0m Updating cost for activity [a0aa26b9e5654691acf56d63e6a87f3f]: 0.09504077238666667, usage [182.001400592, 32.029076].
[0m[38;5;8m[[0m2021-01-02T17:01:59Z [0m[32mINFO [0m ya_provider::payments::payments[0m[38;5;8m][0m Debit note [2988843f-4b83-42d1-8cb6-904c9cfd30d5] for activity [a0aa26b9e5654691acf56d63e6a87f3f] sent.
[0m[38;5;8m[[0m2021-01-02T17:02:05Z [0m[32mINFO [0m ya_provider::payments::payments[0m[38;5;8m][0m Updating cost for activity [a0aa26b9e5654691acf56d63e6a87f3f]: 0.09698532533722223, usage [189.001791214, 32.029076].
[0m[38;5;8m[[0m2021-01-02T17:02:06Z [0m[32mINFO [0m ya_provider::payments::payments[0m[38;5;8m][0m Debit note [0915fd53-565e-406a-8ed8-655963e5e603] for activity [a0aa26b9e5654691acf56d63e6a87f3f] sent.
[0m[38;5;8m[[0m2021-01-02T17:02:12Z [0m[32mINFO [0m ya_provider::payments::payments[0m[38;5;8m][0m Updating cost for activity [a0aa26b9e5654691acf56d63e6a87f3f]: 0.09865188573916667, usage [195.001408661, 32.029076].
[0m[38;5;8m[[0m2021-01-02T17:02:12Z [0m[32mINFO [0m ya_provider::payments::payments[0m[38;5;8m][0m Debit note [f9b72fa4-dd5e-4076-a019-8c49c39bc8d6] for activity [a0aa26b9e5654691acf56d63e6a87f3f] sent.
[0m[38;5;8m[[0m2021-01-02T17:02:18Z [0m[32mINFO [0m ya_provider::payments::payments[0m[38;5;8m][0m Updating cost for activity [a0aa26b9e5654691acf56d63e6a87f3f]: 0.1019852164497222, usage [202.001399219, 33.029076].
[0m[38;5;8m[[0m2021-01-02T17:02:19Z [0m[32mINFO [0m ya_provider::payments::payments[0m[38;5;8m][0m Debit note [d5fa87f5-1903-4ba6-8436-7d116dc4bcbb] for activity [a0aa26b9e5654691acf56d63e6a87f3f] sent.
[0m[38;5;8m[[0m2021-01-02T17:02:25Z [0m[32mINFO [0m ya_provider::payments::payments[0m[38;5;8m][0m Updating cost for activity [a0aa26b9e5654691acf56d63e6a87f3f]: 0.1036518548433333, usage [208.001297436, 33.029076].
[0m[38;5;8m[[0m2021-01-02T17:02:26Z [0m[32mINFO [0m ya_provider::payments::payments[0m[38;5;8m][0m Debit note [cf23f79f-3675-4b4b-9061-20e7601f971b] for activity [a0aa26b9e5654691acf56d63e6a87f3f] sent.
[0m[38;5;8m[[0m2021-01-02T17:02:32Z [0m[32mINFO [0m ya_provider::payments::payments[0m[38;5;8m][0m Updating cost for activity [a0aa26b9e5654691acf56d63e6a87f3f]: 0.1055962796116667, usage [215.001226602, 33.029076].
[0m[38;5;8m[[0m2021-01-02T17:02:32Z [0m[32mINFO [0m ya_payment::service::local[0m[38;5;8m][0m get status: GetStatus { platform: "ZK-NGNT", address: "0x88a91fbbe2e3af6c046333dd54f1175dbf2a7f60" }
[0m[38;5;8m[[0m2021-01-02T17:02:32Z [0m[32mINFO [0m ya_provider::payments::payments[0m[38;5;8m][0m Debit note [5f0ef902-7835-4f52-aa4e-53dc5a425e5f] for activity [a0aa26b9e5654691acf56d63e6a87f3f] sent.
[0m[38;5;8m[[0m2021-01-02T17:02:32Z [0m[32mINFO [0m ya_payment::service::local[0m[38;5;8m][0m get status: GetStatus { platform: "NGNT", address: "0x88a91fbbe2e3af6c046333dd54f1175dbf2a7f60" }
[0m[38;5;8m[[0m2021-01-02T17:02:32Z [0m[32mINFO [0m ya_gnt_driver::service[0m[38;5;8m][0m get account balance: GetAccountBalance("0x88a91fbbe2e3af6c046333dd54f1175dbf2a7f60")
[0m[38;5;8m[[0m2021-01-02T17:02:34Z [0m[32mINFO [0m ya_provider::execution::task_runner[0m[38;5;8m][0m Collected 1 activity events. Processing...
[0m[38;5;8m[[0m2021-01-02T17:02:34Z [0m[32mINFO [0m ya_provider::execution::task_runner[0m[38;5;8m][0m Destroying activity [a0aa26b9e5654691acf56d63e6a87f3f].
[0m[38;5;8m[[0m2021-01-02T17:02:34Z [0m[32mINFO [0m ya_provider::execution::exeunit_instance[0m[38;5;8m][0m Terminating ExeUnit [vm]... pid: 444623
[ExeUnit] [2021-01-02 11:02:34.978260 -06:00] INFO [exe-unit/src/service/signal.rs:32] Caught signal: 15
[ExeUnit] [2021-01-02 11:02:34.978412 -06:00] INFO [exe-unit/src/handlers/local.rs:275] Shutting down: Interrupted by signal: 15: {"batches_done":1,"batches_pending":1,"cmds_done":2,"cmds_pending":3}
[ExeUnit] [2021-01-02 11:02:34.978623 -06:00] INFO [exe-unit/src/service/transfer.rs:248] Transfer service stopped
[ExeUnit] [2021-01-02 11:02:34.978720 -06:00] INFO [exe-unit/src/handlers/local.rs:288] Shutdown process complete
[ExeUnit] [2021-01-02 11:02:34.978818 -06:00] INFO [exe-unit/src/runtime/process.rs:296] Runtime handler stopped
[ExeUnit] [2021-01-02 11:02:34.978940 -06:00] INFO [service-bus/bus/src/connection.rs:409] stopped connection to gsb
[0m[38;5;8m[[0m2021-01-02T17:02:34Z [0m[1m[31mERROR[0m ya_sb_router[0m[38;5;8m][0m Got reply for unknown request ID: 3701077340016882
[0m[38;5;8m[[0m2021-01-02T17:02:34Z [0m[1m[31mERROR[0m ya_sb_router[0m[38;5;8m][0m Got reply for unknown request ID: 8457604803008709
[0m[38;5;8m[[0m2021-01-02T17:02:34Z [0m[32mINFO [0m ya_provider::execution::task_runner[0m[38;5;8m][0m ExeUnit process exited with status Finished - exit code: 0, agreement [ab74df634d2db62c2ab29709f362a28fb3f327ed8d6109f53ebb94145ce58490], activity [a0aa26b9e5654691acf56d63e6a87f3f].
[0m[38;5;8m[[0m2021-01-02T17:02:34Z [0m[32mINFO [0m ya_provider::execution::task_runner[0m[38;5;8m][0m ExeUnit for activity terminated: [a0aa26b9e5654691acf56d63e6a87f3f].
[0m[38;5;8m[[0m2021-01-02T17:02:34Z [0m[32mINFO [0m ya_provider::payments::payments[0m[38;5;8m][0m Updating cost for activity [a0aa26b9e5654691acf56d63e6a87f3f]: 0.1064296239522222, usage [218.001266228, 33.029076].
[0m[38;5;8m[[0m2021-01-02T17:02:35Z [0m[32mINFO [0m ya_provider::payments::payments[0m[38;5;8m][0m Debit note [2bedeaef-cfe9-4eed-990c-201a2423c6fd] for activity [a0aa26b9e5654691acf56d63e6a87f3f] sent.
[0m[38;5;8m[[0m2021-01-02T17:02:35Z [0m[32mINFO [0m ya_provider::payments::payments[0m[38;5;8m][0m Final cost for activity [a0aa26b9e5654691acf56d63e6a87f3f]: 0.1064296239522222.
[0m[38;5;8m[[0m2021-01-02T17:02:35Z [0m[32mINFO [0m ya_provider::payments::payments[0m[38;5;8m][0m Activity [a0aa26b9e5654691acf56d63e6a87f3f] finished.
[0m[38;5;8m[[0m2021-01-02T17:02:35Z [0m[32mINFO [0m ya_provider::payments::payments[0m[38;5;8m][0m Payments - agreement [ab74df634d2db62c2ab29709f362a28fb3f327ed8d6109f53ebb94145ce58490] closed. Computing cost summary...
[0m[38;5;8m[[0m2021-01-02T17:02:35Z [0m[32mINFO [0m ya_provider::market::mock_negotiator[0m[38;5;8m][0m Negotiator: 1 free slot(s) for agreements.
[0m[38;5;8m[[0m2021-01-02T17:02:35Z [0m[32mINFO [0m ya_provider::market::provider_market[0m[38;5;8m][0m Re-subscribing all active offers to get fresh proposals from the Market
[0m[38;5;8m[[0m2021-01-02T17:02:35Z [0m[32mINFO [0m ya_provider::market::provider_market[0m[38;5;8m][0m Unsubscribing: 82ec3d96237c43b8ac31b3e50f461f39-3ac80182ff866375985cf6de1f8c6dc104db44c6e50cf66ae34a078c87966a37
[0m[38;5;8m[[0m2021-01-02T17:02:35Z [0m[32mINFO [0m ya_provider::payments::payments[0m[38;5;8m][0m Final cost for agreement [ab74df634d2db62c2ab29709f362a28fb3f327ed8d6109f53ebb94145ce58490]: 0.1064296239522222, usage [218.001266228, 33.029076].
[0m[38;5;8m[[0m2021-01-02T17:02:35Z [0m[32mINFO [0m ya_market::matcher[0m[38;5;8m][0m Unsubscribed Offer: [82ec3d96237c43b8ac31b3e50f461f39-3ac80182ff866375985cf6de1f8c6dc104db44c6e50cf66ae34a078c87966a37] using identity: golem-cli [0x88a91fbbe2e3af6c046333dd54f1175dbf2a7f60]
[0m[38;5;8m[[0m2021-01-02T17:02:35Z [0m[1m[31mERROR[0m ya_provider::market::provider_market[0m[38;5;8m][0m Can't query market events. Error: request for http://127.0.0.1:7465/market-api/v1/offers/82ec3d96237c43b8ac31b3e50f461f39-3ac80182ff866375985cf6de1f8c6dc104db44c6e50cf66ae34a078c87966a37/events?timeout=2&maxEvents=2 resulted in HTTP status code: 404 Not Found: Subscription [82ec3d96237c43b8ac31b3e50f461f39-3ac80182ff866375985cf6de1f8c6dc104db44c6e50cf66ae34a078c87966a37] was already unsubscribed.
[0m[38;5;8m[[0m2021-01-02T17:02:35Z [0m[32mINFO [0m ya_provider::payments::payments[0m[38;5;8m][0m Invoice [4bcc3692-ad93-49e5-82c8-7e3e21d6d04f] issued.
[0m[38;5;8m[[0m2021-01-02T17:02:35Z [0m[32mINFO [0m ya_provider::payments::payments[0m[38;5;8m][0m Sending invoice [4bcc3692-ad93-49e5-82c8-7e3e21d6d04f] to requestor...
[0m[38;5;8m[[0m2021-01-02T17:02:36Z [0m[32mINFO [0m ya_provider::market::provider_market[0m[38;5;8m][0m Unsubscribing: 4c7242e375894b5ab09f4d74083ff413-99ee3e54f48dfe833f72234ce61b534e863824d964db534f472746b75e887f82
[0m[38;5;8m[[0m2021-01-02T17:02:36Z [0m[32mINFO [0m ya_market::matcher[0m[38;5;8m][0m Unsubscribed Offer: [4c7242e375894b5ab09f4d74083ff413-99ee3e54f48dfe833f72234ce61b534e863824d964db534f472746b75e887f82] using identity: golem-cli [0x88a91fbbe2e3af6c046333dd54f1175dbf2a7f60]
[0m[38;5;8m[[0m2021-01-02T17:02:36Z [0m[1m[31mERROR[0m ya_provider::market::provider_market[0m[38;5;8m][0m Can't query market events. Error: request for http://127.0.0.1:7465/market-api/v1/offers/4c7242e375894b5ab09f4d74083ff413-99ee3e54f48dfe833f72234ce61b534e863824d964db534f472746b75e887f82/events?timeout=2&maxEvents=2 resulted in HTTP status code: 404 Not Found: Subscription [4c7242e375894b5ab09f4d74083ff413-99ee3e54f48dfe833f72234ce61b534e863824d964db534f472746b75e887f82] was already unsubscribed.
[0m[38;5;8m[[0m2021-01-02T17:02:36Z [0m[32mINFO [0m ya_market::matcher[0m[38;5;8m][0m Subscribed new Offer: [a16c2989ace64becb4fdcee8c8784b96-cdc639b9111d4a46a4b43334496b5481ded252eedc9abc72d8cbfbbeec8955f6] using identity: golem-cli [0x88a91fbbe2e3af6c046333dd54f1175dbf2a7f60]
[0m[38;5;8m[[0m2021-01-02T17:02:36Z [0m[32mINFO [0m ya_provider::market::provider_market[0m[38;5;8m][0m Subscribed offer. Subscription id [a16c2989ace64becb4fdcee8c8784b96-cdc639b9111d4a46a4b43334496b5481ded252eedc9abc72d8cbfbbeec8955f6], preset [wasmtime].
[0m[38;5;8m[[0m2021-01-02T17:02:36Z [0m[32mINFO [0m ya_market::matcher[0m[38;5;8m][0m Subscribed new Offer: [00c0175be0d24f2183e892a88b0f6c5b-a8e266ae518501c9a06b6b99c30488b6ff3f198a9489e0b6305fe92d373696e4] using identity: golem-cli [0x88a91fbbe2e3af6c046333dd54f1175dbf2a7f60]
[0m[38;5;8m[[0m2021-01-02T17:02:36Z [0m[32mINFO [0m ya_provider::market::provider_market[0m[38;5;8m][0m Subscribed offer. Subscription id [00c0175be0d24f2183e892a88b0f6c5b-a8e266ae518501c9a06b6b99c30488b6ff3f198a9489e0b6305fe92d373696e4], preset [vm].
[0m[38;5;8m[[0m2021-01-02T17:02:36Z [0m[32mINFO [0m ya_provider::payments::payments[0m[38;5;8m][0m Invoice [4bcc3692-ad93-49e5-82c8-7e3e21d6d04f] sent.
[0m[38;5;8m[[0m2021-01-02T17:02:38Z [0m[32mINFO [0m ya_provider::payments::payments[0m[38;5;8m][0m Stopped sending debit notes, because activity [a0aa26b9e5654691acf56d63e6a87f3f] was destroyed.
[0m[38;5;8m[[0m2021-01-02T17:03:07Z [0m[32mINFO [0m ya_market::negotiation::common[0m[38;5;8m][0m Received counter Proposal [P-523ae50021d3d35cac96cfb5329b43c235e2ea1fa5a98804abe620f8b0ff486c] for Proposal [P-086499128c05644a9c8a97c0306b50f7f351d6a64c8e5f589142b559b5df80b8] from [0x6fdc525caf1e5f80b058610ab2b03da088cc571f].
[0m[38;5;8m[[0m2021-01-02T17:03:07Z [0m[32mINFO [0m ya_provider::market::provider_market[0m[38;5;8m][0m Got proposal [P-523ae50021d3d35cac96cfb5329b43c235e2ea1fa5a98804abe620f8b0ff486c] from Requestor [0x6fdc525caf1e5f80b058610ab2b03da088cc571f] for subscription [vm].
[0m[38;5;8m[[0m2021-01-02T17:03:07Z [0m[32mINFO [0m ya_provider::market::provider_market[0m[38;5;8m][0m Decided to AcceptProposal proposal ["P-523ae50021d3d35cac96cfb5329b43c235e2ea1fa5a98804abe620f8b0ff486c"] for subscription [vm].
[0m[38;5;8m[[0m2021-01-02T17:03:07Z [0m[32mINFO [0m ya_market::negotiation::provider[0m[38;5;8m][0m Provider 'golem-cli' [0x88a91fbbe2e3af6c046333dd54f1175dbf2a7f60] countered Proposal [P-523ae50021d3d35cac96cfb5329b43c235e2ea1fa5a98804abe620f8b0ff486c] with [P-bdfec91e7a00ace061a97e2b1b2eaa96c9ec4e08500a6a0ec54de249f09f4386]
[0m[38;5;8m[[0m2021-01-02T17:07:36Z [0m[32mINFO [0m ya_market::negotiation::common[0m[38;5;8m][0m Received counter Proposal [P-4cd323d50c6714e56ce6c975e958387a69174bdfc3c0fa8faaf7945ea76eb967] for Proposal [P-9894dcf74c8ee03f988154ee46ddbd40ef9976d0739cec2648e2eca85b53d7c1] from [0x50f5a4eaf790381311ff46a396a8e25e4b588ddf].
[0m[38;5;8m[[0m2021-01-02T17:07:38Z [0m[32mINFO [0m ya_provider::market::provider_market[0m[38;5;8m][0m Got proposal [P-4cd323d50c6714e56ce6c975e958387a69174bdfc3c0fa8faaf7945ea76eb967] from Requestor [0x50f5a4eaf790381311ff46a396a8e25e4b588ddf] for subscription [vm].
[0m[38;5;8m[[0m2021-01-02T17:07:38Z [0m[32mINFO [0m ya_provider::market::provider_market[0m[38;5;8m][0m Decided to AcceptProposal proposal ["P-4cd323d50c6714e56ce6c975e958387a69174bdfc3c0fa8faaf7945ea76eb967"] for subscription [vm].
[0m[38;5;8m[[0m2021-01-02T17:07:38Z [0m[32mINFO [0m ya_market::negotiation::provider[0m[38;5;8m][0m Provider 'golem-cli' [0x88a91fbbe2e3af6c046333dd54f1175dbf2a7f60] countered Proposal [P-4cd323d50c6714e56ce6c975e958387a69174bdfc3c0fa8faaf7945ea76eb967] with [P-32e1eff9d4790122714123f652a500be6d0dca89b606e4262c999da8f4478a43]
[0m[38;5;8m[[0m2021-01-02T17:10:42Z [0m[32mINFO [0m ya_market::negotiation::common[0m[38;5;8m][0m Received counter Proposal [P-f1989839a17c3df3fde8db452741009512b43130ba4ae010ebcfadf9dd6afa39] for Proposal [P-9396d16f9e2b26b474399ca8c8141f214522582b5c59bd5f4cddaca48e8c1610] from [0x4e089225f8c9895878d5c1e43de0432e8f16d9ba].
[0m[38;5;8m[[0m2021-01-02T17:10:42Z [0m[32mINFO [0m ya_provider::market::provider_market[0m[38;5;8m][0m Got proposal [P-f1989839a17c3df3fde8db452741009512b43130ba4ae010ebcfadf9dd6afa39] from Requestor [0x4e089225f8c9895878d5c1e43de0432e8f16d9ba] for subscription [vm].
[0m[38;5;8m[[0m2021-01-02T17:10:42Z [0m[32mINFO [0m ya_provider::market::provider_market[0m[38;5;8m][0m Decided to AcceptProposal proposal ["P-f1989839a17c3df3fde8db452741009512b43130ba4ae010ebcfadf9dd6afa39"] for subscription [vm].
[0m[38;5;8m[[0m2021-01-02T17:10:42Z [0m[32mINFO [0m ya_market::negotiation::provider[0m[38;5;8m][0m Provider 'golem-cli' [0x88a91fbbe2e3af6c046333dd54f1175dbf2a7f60] countered Proposal [P-f1989839a17c3df3fde8db452741009512b43130ba4ae010ebcfadf9dd6afa39] with [P-2059b80cb115776aaf462ee59c64cceeebaeefdb285a411be271fca77b76dbcc]
[0m[38;5;8m[[0m2021-01-02T17:12:18Z [0m[32mINFO [0m ya_market::negotiation::provider[0m[38;5;8m][0m Agreement proposal [P-4963c4c4c6eb4f18675db800b927896be0c3a3cd1d0279f66df0bd49ca69fdfc] received from [0x4e089225f8c9895878d5c1e43de0432e8f16d9ba].
[0m[38;5;8m[[0m2021-01-02T17:12:18Z [0m[32mINFO [0m ya_provider::market::provider_market[0m[38;5;8m][0m Got agreement [4963c4c4c6eb4f18675db800b927896be0c3a3cd1d0279f66df0bd49ca69fdfc] from Requestor [0x4e089225f8c9895878d5c1e43de0432e8f16d9ba] for subscription [vm].
[0m[38;5;8m[[0m2021-01-02T17:12:18Z [0m[32mINFO [0m ya_provider::market::provider_market[0m[38;5;8m][0m Decided to ApproveAgreement agreement [4963c4c4c6eb4f18675db800b927896be0c3a3cd1d0279f66df0bd49ca69fdfc] for subscription [vm].
[0m[38;5;8m[[0m2021-01-02T17:12:19Z [0m[32mINFO [0m ya_market::negotiation::provider[0m[38;5;8m][0m Provider 'golem-cli' [0x88a91fbbe2e3af6c046333dd54f1175dbf2a7f60] approved Agreement [P-4963c4c4c6eb4f18675db800b927896be0c3a3cd1d0279f66df0bd49ca69fdfc].
[0m[38;5;8m[[0m2021-01-02T17:12:19Z [0m[32mINFO [0m ya_provider::market::provider_market[0m[38;5;8m][0m Got approved agreement [4963c4c4c6eb4f18675db800b927896be0c3a3cd1d0279f66df0bd49ca69fdfc].
[0m[38;5;8m[[0m2021-01-02T17:12:19Z [0m[32mINFO [0m ya_provider::payments::payments[0m[38;5;8m][0m Payments got signed agreement [4963c4c4c6eb4f18675db800b927896be0c3a3cd1d0279f66df0bd49ca69fdfc]. Waiting for activities creation...
[0m[38;5;8m[[0m2021-01-02T17:12:19Z [0m[32mINFO [0m ya_provider::payments::pricing[0m[38;5;8m][0m Creating LinearPricing payment model. Usage coefficients vector: [0.0002777777777777778, 0.001388888888888889, 0.0].
[0m[38;5;8m[[0m2021-01-02T17:12:19Z [0m[32mINFO [0m ya_provider::execution::task_runner[0m[38;5;8m][0m Collected 1 activity events. Processing...
[0m[38;5;8m[[0m2021-01-02T17:12:19Z [0m[32mINFO [0m ya_provider::execution::task_runner[0m[38;5;8m][0m Creating task: agreement [4963c4c4c6eb4f18675db800b927896be0c3a3cd1d0279f66df0bd49ca69fdfc], activity [d93e38b2ba35494baed59a37293ca8c1] in directory: [/home/yanz/.local/share/ya-provider/exe-unit/work/4963c4c4c6eb4f18675db800b927896be0c3a3cd1d0279f66df0bd49ca69fdfc/d93e38b2ba35494baed59a37293ca8c1].
[0m[38;5;8m[[0m2021-01-02T17:12:19Z [0m[32mINFO [0m ya_provider::execution::exeunit_instance[0m[38;5;8m][0m Spawning exeunit instance: vm
[0m[38;5;8m[[0m2021-01-02T17:12:19Z [0m[32mINFO [0m ya_provider::execution::exeunit_instance[0m[38;5;8m][0m Exeunit process spawned, pid: 445597
[0m[38;5;8m[[0m2021-01-02T17:12:19Z [0m[32mINFO [0m ya_provider::execution::task_runner[0m[38;5;8m][0m Activity created: ()
[0m[38;5;8m[[0m2021-01-02T17:12:19Z [0m[32mINFO [0m ya_provider::payments::payments[0m[38;5;8m][0m Payments - activity [d93e38b2ba35494baed59a37293ca8c1] created. Start computing costs.
Parsing agreement at /home/yanz/.local/share/ya-provider/exe-unit/work/4963c4c4c6eb4f18675db800b927896be0c3a3cd1d0279f66df0bd49ca69fdfc/agreement.json
[ExeUnit] [2021-01-02 11:12:19.739783 -06:00] INFO [exe-unit/src/service/transfer.rs:244] Transfer service started
[ExeUnit] [2021-01-02 11:12:19.739886 -06:00] INFO [exe-unit/src/runtime/process.rs:292] Runtime handler started
[ExeUnit] [2021-01-02 11:12:19.740103 -06:00] INFO [service-bus/bus/src/remote_router.rs:39] trying to connect to: 127.0.0.1:7464
[ExeUnit] [2021-01-02 11:12:19.740382 -06:00] INFO [exe-unit/src/lib.rs:351] Supervisor initialized
[ExeUnit] [2021-01-02 11:12:19.740513 -06:00] INFO [service-bus/bus/src/connection.rs:405] started connection to gsb
[ExeUnit] [2021-01-02 11:12:20.716097 -06:00] INFO [exe-unit/src/lib.rs:245] Executing command: Deploy
[ExeUnit] [2021-01-02 11:12:20.717098 -06:00] INFO [exe-unit/src/service/transfer.rs:275] Deploying from Url { scheme: "http", host: Some(Domain("yacn.dev.golem.network")), port: Some(8000), path: "/docker-blender-latest-4e7963b84a.gvmi", query: None, fragment: None } to "/home/yanz/.local/share/ya-provider/exe-unit/cache/docker-blender-latest-4e7963b84a.gvmi"
[ExeUnit] [[1;38;5;196m2021-01-02 11:12:20.721708 -06:00[0m] [1;38;5;196mERROR[0m [/home/runner/.cargo/registry/src/github.com-1ecc6299db9ec823/actix-connect-1.0.2/src/lib.rs:57] [1;38;5;196mTRust-DNS can not load system config: Error parsing resolv.conf: InvalidOption(17)[0m
[0m[38;5;8m[[0m2021-01-02T17:12:23Z [0m[32mINFO [0m ya_market::negotiation::common[0m[38;5;8m][0m Received counter Proposal [P-0742addb900e13a02d3d6141c21c7e0193b0d1a2d42199481a242341e6533734] for Proposal [P-0bd9c66cd551fe0f214c84a53609ecce3b421fa65f811377ddf5b8727aeaa45e] from [0x50f5a4eaf790381311ff46a396a8e25e4b588ddf].
[0m[38;5;8m[[0m2021-01-02T17:12:23Z [0m[32mINFO [0m ya_provider::market::provider_market[0m[38;5;8m][0m Got proposal [P-0742addb900e13a02d3d6141c21c7e0193b0d1a2d42199481a242341e6533734] from Requestor [0x50f5a4eaf790381311ff46a396a8e25e4b588ddf] for subscription [vm].
[0m[38;5;8m[[0m2021-01-02T17:12:23Z [0m[32mINFO [0m ya_provider::market::mock_negotiator[0m[38;5;8m][0m Negotiator: Reject proposal ["P-0742addb900e13a02d3d6141c21c7e0193b0d1a2d42199481a242341e6533734"] due to limit.
[0m[38;5;8m[[0m2021-01-02T17:12:23Z [0m[32mINFO [0m ya_provider::market::provider_market[0m[38;5;8m][0m Decided to RejectProposal (reason: No capacity available. Reached Agreements limit: 1) proposal ["P-0742addb900e13a02d3d6141c21c7e0193b0d1a2d42199481a242341e6533734"] for subscription [vm].
[0m[38;5;8m[[0m2021-01-02T17:12:23Z [0m[1m[31mERROR[0m ya_provider::market::provider_market[0m[38;5;8m][0m Error processing event: request for http://127.0.0.1:7465/market-api/v1/offers/00c0175be0d24f2183e892a88b0f6c5b-a8e266ae518501c9a06b6b99c30488b6ff3f198a9489e0b6305fe92d373696e4/proposals/P-0742addb900e13a02d3d6141c21c7e0193b0d1a2d42199481a242341e6533734 resulted in HTTP status code: 400 Bad Request: , subscription_id: 00c0175be0d24f2183e892a88b0f6c5b-a8e266ae518501c9a06b6b99c30488b6ff3f198a9489e0b6305fe92d373696e4.
[0m[38;5;8m[[0m2021-01-02T17:12:25Z [0m[32mINFO [0m ya_provider::payments::payments[0m[38;5;8m][0m Updating cost for activity [d93e38b2ba35494baed59a37293ca8c1]: 0.003518378603611111, usage [5.001132973, 1.533006].
[0m[38;5;8m[[0m2021-01-02T17:12:26Z [0m[32mINFO [0m ya_provider::payments::payments[0m[38;5;8m][0m Debit note [0311018e-4a86-44c2-9e3e-e19020a1af26] for activity [d93e38b2ba35494baed59a37293ca8c1] sent.
[0m[38;5;8m[[0m2021-01-02T17:12:32Z [0m[32mINFO [0m ya_provider::payments::payments[0m[38;5;8m][0m Updating cost for activity [d93e38b2ba35494baed59a37293ca8c1]: 0.01130855631166667, usage [12.001077722, 5.741945].
[0m[38;5;8m[[0m2021-01-02T17:12:32Z [0m[32mINFO [0m ya_provider::payments::payments[0m[38;5;8m][0m Debit note [68e160f2-096c-47e7-b3cf-209966366d6f] for activity [d93e38b2ba35494baed59a37293ca8c1] sent.
[0m[38;5;8m[[0m2021-01-02T17:12:38Z [0m[32mINFO [0m ya_provider::payments::payments[0m[38;5;8m][0m Updating cost for activity [d93e38b2ba35494baed59a37293ca8c1]: 0.02042844644444444, usage [19.0010822, 10.908265].
[0m[38;5;8m[[0m2021-01-02T17:12:39Z [0m[32mINFO [0m ya_provider::payments::payments[0m[38;5;8m][0m Debit note [0b5782b5-fa84-4d6a-8d79-559a34716518] for activity [d93e38b2ba35494baed59a37293ca8c1] sent.
[0m[38;5;8m[[0m2021-01-02T17:12:45Z [0m[32mINFO [0m ya_provider::payments::payments[0m[38;5;8m][0m Updating cost for activity [d93e38b2ba35494baed59a37293ca8c1]: 0.02771726730666667, usage [25.001052304, 14.956222].
[0m[38;5;8m[[0m2021-01-02T17:12:45Z [0m[32mINFO [0m ya_provider::payments::payments[0m[38;5;8m][0m Debit note [1e64ccc2-d363-4aa6-aca2-a962f09ff53e] for activity [d93e38b2ba35494baed59a37293ca8c1] sent.
[0m[38;5;8m[[0m2021-01-02T17:12:51Z [0m[32mINFO [0m ya_provider::payments::payments[0m[38;5;8m][0m Updating cost for activity [d93e38b2ba35494baed59a37293ca8c1]: 0.03660855949916667, usage [32.001224197, 19.957918].
[0m[38;5;8m[[0m2021-01-02T17:12:52Z [0m[32mINFO [0m ya_provider::payments::payments[0m[38;5;8m][0m Debit note [e36a3c4e-56bf-42f9-8fb7-a8905f40743a] for activity [d93e38b2ba35494baed59a37293ca8c1] sent.
[0m[38;5;8m[[0m2021-01-02T17:12:58Z [0m[32mINFO [0m ya_provider::payments::payments[0m[38;5;8m][0m Updating cost for activity [d93e38b2ba35494baed59a37293ca8c1]: 0.04521963334000000, usage [38.001090024, 24.957918].
[0m[38;5;8m[[0m2021-01-02T17:12:59Z [0m[32mINFO [0m ya_provider::payments::payments[0m[38;5;8m][0m Debit note [775b3764-7ede-4079-8a83-7d3bbfe9bd43] for activity [d93e38b2ba35494baed59a37293ca8c1] sent.
[ExeUnit] [2021-01-02 11:13:02.785677 -06:00] INFO [utils/transfer/src/lib.rs:240] Hash verified successfully: "59a6bcf8e587a7c9c5cb7babaa363d8cb90a8c2a83ff5b866e372c15"
[ExeUnit] [2021-01-02 11:13:03.218286 -06:00] INFO [exe-unit/src/service/transfer.rs:318] Deployment from Url { scheme: "http", host: Some(Domain("yacn.dev.golem.network")), port: Some(8000), path: "/docker-blender-latest-4e7963b84a.gvmi", query: None, fragment: None } finished
[ExeUnit] [2021-01-02 11:13:03.218372 -06:00] INFO [exe-unit/src/runtime/process.rs:142] Executing "/home/yanz/.local/lib/yagna/plugins/ya-runtime-vm/ya-runtime-vm" with Ok(["--workdir", "/home/yanz/.local/share/ya-provider/exe-unit/work/4963c4c4c6eb4f18675db800b927896be0c3a3cd1d0279f66df0bd49ca69fdfc/d93e38b2ba35494baed59a37293ca8c1", "--task-package", "/home/yanz/.local/share/ya-provider/exe-unit/cache/docker-blender-latest-4e7963b84a.gvmi", "--cpu-cores", "6", "--mem-gib", "21.388838067650795", "--storage-gib", "47.72864379882813", "deploy"]) from path Ok("/home/yanz/.local/share/ya-provider/exe-unit/work/4963c4c4c6eb4f18675db800b927896be0c3a3cd1d0279f66df0bd49ca69fdfc/d93e38b2ba35494baed59a37293ca8c1")
[ExeUnit] [2021-01-02 11:13:03.231862 -06:00] INFO [exe-unit/src/service/transfer.rs:478] Adding volumes: [ContainerVolume { name: "vol-74110135-34b0-4439-9b3e-0bd1f86b9e52", path: "/golem/output" }, ContainerVolume { name: "vol-36f7206b-968a-4658-b741-f2bef63a6f9d", path: "/golem/work" }, ContainerVolume { name: "vol-8a24d600-10f1-4e2c-bffd-2d95afd61f6c", path: "/golem/resource" }]
[ExeUnit] [2021-01-02 11:13:03.231914 -06:00] INFO [exe-unit/src/runtime/process.rs:327] Setting runtime mode to: Service
[ExeUnit] [2021-01-02 11:13:03.231955 -06:00] INFO [exe-unit/src/lib.rs:245] Executing command: Start { args: [] }
[ExeUnit] [2021-01-02 11:13:03.232042 -06:00] INFO [exe-unit/src/runtime/process.rs:199] Executing "/home/yanz/.local/lib/yagna/plugins/ya-runtime-vm/ya-runtime-vm" with ["--workdir", "/home/yanz/.local/share/ya-provider/exe-unit/work/4963c4c4c6eb4f18675db800b927896be0c3a3cd1d0279f66df0bd49ca69fdfc/d93e38b2ba35494baed59a37293ca8c1", "--task-package", "/home/yanz/.local/share/ya-provider/exe-unit/cache/docker-blender-latest-4e7963b84a.gvmi", "--cpu-cores", "6", "--mem-gib", "21.388838067650795", "--storage-gib", "47.72864379882813", "start"]
ioctl(KVM_CREATE_VM) failed: 16 Device or resource busy
vmrt: failed to initialize kvm: Device or resource busy
[0m[38;5;8m[[0m2021-01-02T17:13:03Z [0m[32mINFO [0m ya_runtime_vm::guest_agent_comm[0m[38;5;8m][0m Waiting for Guest Agent socket ...
thread 'main' panicked at 'failed to start runtime: Os { code: 111, kind: ConnectionRefused, message: "Connection refused" }', runtime/src/main.rs:459:22
note: run with `RUST_BACKTRACE=1` environment variable to display a backtrace
[0m[38;5;8m[[0m2021-01-02T17:13:05Z [0m[32mINFO [0m ya_provider::payments::payments[0m[38;5;8m][0m Updating cost for activity [d93e38b2ba35494baed59a37293ca8c1]: 0.05278212328333334, usage [45.00181382, 29.002766].
[0m[38;5;8m[[0m2021-01-02T17:13:05Z [0m[32mINFO [0m ya_provider::payments::payments[0m[38;5;8m][0m Debit note [b6aee1de-fb23-469d-a424-c6cc047c8d0e] for activity [d93e38b2ba35494baed59a37293ca8c1] sent.
[0m[38;5;8m[[0m2021-01-02T17:13:11Z [0m[32mINFO [0m ya_provider::payments::payments[0m[38;5;8m][0m Updating cost for activity [d93e38b2ba35494baed59a37293ca8c1]: 0.05444870227638889, usage [51.001498195, 29.002766].
[0m[38;5;8m[[0m2021-01-02T17:13:12Z [0m[32mINFO [0m ya_provider::payments::payments[0m[38;5;8m][0m Debit note [d0184003-59f2-4297-a33c-2215b64138e0] for activity [d93e38b2ba35494baed59a37293ca8c1] sent.
[0m[38;5;8m[[0m2021-01-02T17:13:18Z [0m[32mINFO [0m ya_provider::payments::payments[0m[38;5;8m][0m Updating cost for activity [d93e38b2ba35494baed59a37293ca8c1]: 0.05639327527388889, usage [58.001960986, 29.002766].
[0m[38;5;8m[[0m2021-01-02T17:13:18Z [0m[32mINFO [0m ya_provider::payments::payments[0m[38;5;8m][0m Debit note [a5b38aef-eddd-41bb-9002-6f5eff402ed7] for activity [d93e38b2ba35494baed59a37293ca8c1] sent.
[0m[38;5;8m[[0m2021-01-02T17:13:24Z [0m[32mINFO [0m ya_provider::payments::payments[0m[38;5;8m][0m Updating cost for activity [d93e38b2ba35494baed59a37293ca8c1]: 0.05805976286861111, usage [64.001316327, 29.002766].
[0m[38;5;8m[[0m2021-01-02T17:13:25Z [0m[32mINFO [0m ya_provider::payments::payments[0m[38;5;8m][0m Debit note [6c424112-870c-4e17-a413-3fe15f7cd434] for activity [d93e38b2ba35494baed59a37293ca8c1] sent.
[0m[38;5;8m[[0m2021-01-02T17:13:31Z [0m[32mINFO [0m ya_provider::payments::payments[0m[38;5;8m][0m Updating cost for activity [d93e38b2ba35494baed59a37293ca8c1]: 0.060
